2018-04-21 01:44:21,381 - packages.BackEndController - INFO - Database DML
2018-04-21 01:44:22,145 - packages.BackEndController - INFO - Database DML
2018-04-21 01:44:24,536 - packages.BackEndController - INFO - Fetch Table Data
2018-04-21 01:44:24,536 - packages.BackEndController - INFO - Error on fetching data from database: global name 'c' is not defined
2018-04-21 01:44:24,536 - packages.BackEndController - INFO - Create Table
2018-04-21 01:44:24,536 - packages.BackEndController - INFO - Error while creating table in database: global name 'c' is not defined
2018-04-21 01:44:41,882 - packages.BackEndController - INFO - Insert Table Data
2018-04-21 01:44:41,882 - packages.BackEndController - INFO - Error on inserting data to database: global name 'c' is not defined
2018-04-21 01:44:41,882 - packages.BackEndController - INFO - Create Table
2018-04-21 01:44:41,882 - packages.BackEndController - INFO - Error while creating table in database: global name 'c' is not defined
2018-04-21 01:44:41,882 - packages.BackEndController - INFO - Update Table Data
2018-04-21 01:44:41,882 - packages.BackEndController - INFO - Error on updating data to database is : global name 'c' is not defined
2018-04-21 01:44:41,882 - packages.BackEndController - INFO - Create Table
2018-04-21 01:44:41,882 - packages.BackEndController - INFO - Error while creating table in database: global name 'c' is not defined
2018-04-21 01:44:41,882 - packages.BackEndController - INFO - Fetch Table Data
2018-04-21 01:44:41,882 - packages.BackEndController - INFO - Error on fetching data from database: global name 'c' is not defined
2018-04-21 01:44:41,882 - packages.BackEndController - INFO - Create Table
2018-04-21 01:44:41,882 - packages.BackEndController - INFO - Error while creating table in database: global name 'c' is not defined
2018-04-21 01:51:53,006 - packages.BackEndController - INFO - Database DML
2018-04-21 01:51:53,506 - packages.BackEndController - INFO - Database DML
2018-04-21 01:51:55,914 - packages.BackEndController - INFO - Fetch Table Data
2018-04-21 01:51:55,914 - packages.BackEndController - INFO - Error on fetching data from database: SQLite objects created in a thread can only be used in that same thread.The object was created in thread id 15880 and this is thread id 10340
2018-04-21 01:51:55,914 - packages.BackEndController - INFO - Create Table
2018-04-21 01:51:55,914 - packages.BackEndController - INFO - Error while creating table in database: SQLite objects created in a thread can only be used in that same thread.The object was created in thread id 15880 and this is thread id 10340
2018-04-21 01:52:11,197 - packages.BackEndController - INFO - Insert Table Data
2018-04-21 01:52:11,197 - packages.BackEndController - INFO - Error on inserting data to database: SQLite objects created in a thread can only be used in that same thread.The object was created in thread id 15880 and this is thread id 10340
2018-04-21 01:52:11,197 - packages.BackEndController - INFO - Create Table
2018-04-21 01:52:11,197 - packages.BackEndController - INFO - Error while creating table in database: SQLite objects created in a thread can only be used in that same thread.The object was created in thread id 15880 and this is thread id 10340
2018-04-21 01:52:11,197 - packages.BackEndController - INFO - Update Table Data
2018-04-21 01:52:11,197 - packages.BackEndController - INFO - Error on updating data to database is : SQLite objects created in a thread can only be used in that same thread.The object was created in thread id 15880 and this is thread id 10340
2018-04-21 01:52:11,197 - packages.BackEndController - INFO - Create Table
2018-04-21 01:52:11,197 - packages.BackEndController - INFO - Error while creating table in database: SQLite objects created in a thread can only be used in that same thread.The object was created in thread id 15880 and this is thread id 10340
2018-04-21 01:52:11,197 - packages.BackEndController - INFO - Fetch Table Data
2018-04-21 01:52:11,197 - packages.BackEndController - INFO - Error on fetching data from database: SQLite objects created in a thread can only be used in that same thread.The object was created in thread id 15880 and this is thread id 10340
2018-04-21 01:52:11,197 - packages.BackEndController - INFO - Create Table
2018-04-21 01:52:11,197 - packages.BackEndController - INFO - Error while creating table in database: SQLite objects created in a thread can only be used in that same thread.The object was created in thread id 15880 and this is thread id 10340
2018-04-21 02:03:51,099 - packages.BackEndController - INFO - Start developing the web application
2018-04-21 02:04:07,194 - packages.BackEndController - INFO - Start developing the web application
2018-04-21 02:17:07,808 - packages.BackEndController - INFO - Start developing the web application
2018-04-21 02:17:25,338 - packages.BackEndController - INFO - Start developing the web application
2018-04-21 02:18:56,361 - packages.BackEndController - INFO - Start developing the web application
2018-04-21 02:18:56,878 - packages.BackEndController - INFO - Start developing the web application
2018-04-21 02:19:01,096 - packages.BackEndController - INFO - Fetch Table Data
2018-04-21 02:19:35,749 - packages.BackEndController - INFO - Start developing the web application
2018-04-21 02:19:36,358 - packages.BackEndController - INFO - Start developing the web application
2018-04-21 02:21:06,223 - packages.BackEndController - INFO - Start developing the web application
2018-04-21 02:21:25,474 - packages.BackEndController - INFO - Fetch Table Data
2018-04-21 02:21:27,319 - packages.BackEndController - INFO - Start developing the web application
2018-04-21 02:23:24,164 - packages.BackEndController - INFO - Start developing the web application
2018-04-21 02:25:19,158 - packages.BackEndController - INFO - Fetch Table Data
2018-04-21 02:25:20,194 - packages.BackEndController - INFO - Start developing the web application
2018-04-21 02:29:20,808 - packages.BackEndController - INFO - Fetch Table Data
2018-04-21 02:35:40,096 - packages.BackEndController - INFO - Start developing the web application
2018-04-21 02:35:41,019 - packages.BackEndController - INFO - Start developing the web application
2018-04-21 02:36:16,069 - packages.BackEndController - INFO - Fetch Table Data
2018-04-21 02:36:16,757 - packages.BackEndController - INFO - Start developing the web application
2018-04-21 02:38:13,562 - packages.BackEndController - INFO - Start developing the web application
2018-04-21 02:43:29,940 - packages.BackEndController - INFO - Start developing the web application
2018-04-21 02:43:33,128 - packages.BackEndController - INFO - Fetch Table Data
2018-04-21 02:44:18,017 - packages.BackEndController - INFO - Start developing the web application
2018-04-21 02:44:23,736 - packages.BackEndController - INFO - Fetch Table Data
2018-04-21 02:45:34,191 - packages.BackEndController - INFO - Start developing the web application
2018-04-21 02:45:55,321 - packages.BackEndController - INFO - Start developing the web application
2018-04-21 02:52:31,114 - packages.BackEndController - INFO - Fetch Table Data
2018-04-21 02:56:23,785 - packages.BackEndController - INFO - Start developing the web application
2018-04-21 02:56:24,285 - packages.BackEndController - INFO - Start developing the web application
2018-04-21 02:57:28,875 - packages.BackEndController - INFO - Start developing the web application
2018-04-21 02:59:17,490 - packages.BackEndController - INFO - Start developing the web application
2018-04-21 02:59:18,006 - packages.BackEndController - INFO - Start developing the web application
2018-04-21 02:59:19,740 - packages.BackEndController - INFO - Fetch Table Data
2018-04-21 03:00:03,053 - packages.BackEndController - INFO - Start developing the web application
2018-04-21 03:05:28,095 - packages.BackEndController - INFO - Fetch Table Data
2018-04-21 03:07:23,512 - packages.BackEndController - INFO - Start developing the web application
2018-04-21 03:07:23,996 - packages.BackEndController - INFO - Start developing the web application
2018-04-21 03:07:26,073 - packages.BackEndController - INFO - Fetch Table Data
2018-04-21 03:19:17,349 - packages.BackEndController - INFO - Fetch Table Data
2018-04-21 03:26:17,200 - packages.BackEndController - INFO - Start developing the web application
2018-04-21 03:27:21,776 - packages.BackEndController - INFO - Fetch Table Data
2018-04-21 03:32:00,808 - packages.BackEndController - INFO - Start developing the web application
2018-04-21 03:35:49,713 - packages.BackEndController - INFO - Start developing the web application
2018-04-21 03:35:50,150 - packages.BackEndController - INFO - Start developing the web application
2018-04-21 03:35:53,058 - packages.BackEndController - INFO - Fetch Table Data
2018-04-21 03:35:53,058 - packages.BackEndController - INFO - Error on fetching data from database is : no such table: TESTDB1
2018-04-21 03:35:53,058 - packages.BackEndController - INFO - Create Table
2018-04-21 03:36:55,065 - packages.BackEndController - INFO - Fetch Table Data
2018-04-21 03:37:06,005 - packages.BackEndController - INFO - Fetch Table Data
2018-04-21 03:37:45,119 - packages.BackEndController - INFO - Fetch Table Data
2018-04-21 03:42:03,976 - packages.BackEndController - INFO - Start developing the web application
2018-04-21 03:42:04,868 - packages.BackEndController - INFO - Start developing the web application
2018-04-21 03:43:57,667 - packages.BackEndController - INFO - Fetch Table Data
2018-04-21 03:44:02,250 - packages.BackEndController - INFO - Start developing the web application
2018-04-21 03:44:02,986 - packages.BackEndController - INFO - Start developing the web application
2018-04-21 03:44:12,375 - packages.BackEndController - INFO - Fetch Table Data
2018-04-21 03:45:50,862 - packages.BackEndController - INFO - Fetch Table Data
2018-04-21 03:46:20,278 - packages.BackEndController - INFO - Insert Table Data
2018-04-21 03:46:20,325 - packages.BackEndController - INFO - Update Table Data
2018-04-21 03:46:20,371 - packages.BackEndController - INFO - Fetch Table Data
2018-04-21 03:52:11,102 - packages.BackEndController - INFO - Insert Table Data
2018-04-21 03:52:11,134 - packages.BackEndController - INFO - Update Table Data
2018-04-21 03:52:11,164 - packages.BackEndController - INFO - Fetch Table Data
2018-04-21 03:58:17,763 - packages.BackEndController - INFO - Insert Table Data
2018-04-21 03:58:17,778 - packages.BackEndController - INFO - Fetch Table Data
2018-04-21 04:02:10,953 - packages.BackEndController - INFO - Start developing the web application
2018-04-21 04:02:33,572 - packages.BackEndController - INFO - Start developing the web application
2018-04-21 04:03:53,365 - packages.BackEndController - INFO - Start developing the web application
2018-04-21 04:06:40,095 - packages.BackEndController - INFO - Start developing the web application
2018-04-21 04:07:30,635 - packages.BackEndController - INFO - Fetch Table Data
2018-04-21 04:08:19,407 - packages.BackEndController - INFO - Start developing the web application
2018-04-21 04:08:23,674 - packages.BackEndController - INFO - Fetch Table Data
2018-04-21 04:08:59,407 - packages.BackEndController - INFO - Fetch Table Data
2018-04-21 04:13:45,638 - packages.BackEndController - INFO - Fetch Table Data
2018-04-21 04:14:25,680 - packages.BackEndController - INFO - Start developing the web application
2018-04-21 04:14:30,903 - packages.BackEndController - INFO - Fetch Table Data
2018-04-21 04:17:35,084 - packages.BackEndController - INFO - Start developing the web application
2018-04-21 04:18:05,946 - packages.BackEndController - INFO - Fetch Table Data
2018-04-21 04:18:23,293 - packages.BackEndController - INFO - Start developing the web application
2018-04-21 04:18:23,716 - packages.BackEndController - INFO - Start developing the web application
2018-04-21 04:18:27,233 - packages.BackEndController - INFO - Fetch Table Data
2018-04-21 04:19:23,250 - packages.BackEndController - INFO - Start developing the web application
2018-04-21 04:23:05,507 - packages.BackEndController - INFO - Start developing the web application
2018-04-21 04:23:34,703 - packages.BackEndController - INFO - Start developing the web application
2018-04-21 04:23:34,703 - packages.BackEndController - INFO - Start developing the web application
2018-04-21 04:26:27,372 - packages.BackEndController - INFO - Start developing the web application
2018-04-21 04:26:46,832 - packages.BackEndController - INFO - Start developing the web application
2018-04-21 04:26:46,848 - packages.BackEndController - INFO - Start developing the web application
2018-04-21 04:26:53,740 - packages.BackEndController - INFO - Start developing the web application
2018-04-21 04:26:53,740 - packages.BackEndController - INFO - Start developing the web application
2018-04-21 04:27:51,345 - packages.BackEndController - INFO - Start developing the web application
2018-04-21 04:27:51,345 - packages.BackEndController - INFO - Start developing the web application
2018-04-21 04:28:16,904 - packages.BackEndController - INFO - Start developing the web application
2018-04-21 04:28:44,246 - packages.BackEndController - INFO - Start developing the web application
2018-04-21 04:30:00,028 - packages.BackEndController - INFO - Start developing the web application
2018-04-21 04:30:38,835 - packages.BackEndController - INFO - Start developing the web application
2018-04-21 04:33:46,223 - packages.BackEndController - INFO - Start developing the web application
2018-04-21 04:34:24,930 - packages.BackEndController - INFO - Start developing the web application
2018-04-21 04:34:24,960 - packages.BackEndController - INFO - Start developing the web application
2018-04-21 04:34:34,687 - packages.BackEndController - INFO - Fetch Table Data
2018-04-21 04:35:51,585 - packages.BackEndController - INFO - Fetch Table Data
2018-04-21 04:36:52,982 - packages.BackEndController - INFO - Start developing the web application
2018-04-21 04:36:53,747 - packages.BackEndController - INFO - Start developing the web application
2018-04-21 04:37:12,697 - packages.BackEndController - INFO - Fetch Table Data
2018-04-21 04:37:25,183 - packages.BackEndController - INFO - Insert Table Data
2018-04-21 04:37:25,217 - packages.BackEndController - INFO - Update Table Data
2018-04-21 04:37:25,252 - packages.BackEndController - INFO - Fetch Table Data
2018-04-21 04:37:53,578 - packages.BackEndController - INFO - Fetch Table Data
2018-04-21 04:38:57,457 - packages.BackEndController - INFO - Start developing the web application
2018-04-21 04:38:58,364 - packages.BackEndController - INFO - Start developing the web application
2018-04-21 04:39:25,072 - packages.BackEndController - INFO - Start developing the web application
2018-04-21 04:41:19,855 - packages.BackEndController - INFO - Start developing the web application
2018-04-21 04:41:30,355 - packages.BackEndController - INFO - Fetch Table Data
2018-04-21 04:41:42,852 - packages.BackEndController - INFO - Insert Table Data
2018-04-21 04:41:42,888 - packages.BackEndController - INFO - Update Table Data
2018-04-21 04:41:42,924 - packages.BackEndController - INFO - Fetch Table Data
2018-04-21 04:41:49,694 - packages.BackEndController - INFO - Insert Table Data
2018-04-21 04:41:49,726 - packages.BackEndController - INFO - Update Table Data
2018-04-21 04:41:49,756 - packages.BackEndController - INFO - Fetch Table Data
2018-04-21 08:41:58,819 - packages.BackEndController - INFO - Start developing the web application
2018-04-21 08:43:09,180 - packages.BackEndController - INFO - Start developing the web application
2018-04-21 08:43:53,148 - packages.BackEndController - INFO - Start developing the web application
2018-04-21 08:43:56,404 - packages.BackEndController - INFO - Fetch Table Data
2018-04-21 08:44:08,835 - packages.BackEndController - INFO - Insert Table Data
2018-04-21 08:44:08,868 - packages.BackEndController - INFO - Update Table Data
2018-04-21 08:44:08,908 - packages.BackEndController - INFO - Fetch Table Data
2018-04-21 08:44:42,670 - packages.BackEndController - INFO - Start developing the web application
2018-04-21 08:44:43,174 - packages.BackEndController - INFO - Start developing the web application
2018-04-21 08:45:05,332 - packages.BackEndController - INFO - Fetch Table Data
2018-04-21 08:45:17,858 - packages.BackEndController - INFO - Insert Table Data
2018-04-21 08:45:17,897 - packages.BackEndController - INFO - Update Table Data
2018-04-21 08:45:17,930 - packages.BackEndController - INFO - Fetch Table Data
2018-04-21 08:48:42,812 - packages.BackEndController - INFO - Start developing the web application
2018-04-21 08:48:56,431 - packages.BackEndController - INFO - Start developing the web application
2018-04-21 08:48:59,709 - packages.BackEndController - INFO - Fetch Table Data
2018-04-21 08:49:12,184 - packages.BackEndController - INFO - Insert Table Data
2018-04-21 08:49:12,217 - packages.BackEndController - INFO - Update Table Data
2018-04-21 08:49:12,255 - packages.BackEndController - INFO - Fetch Table Data
2018-04-21 08:49:52,387 - packages.BackEndController - INFO - Fetch Table Data
2018-04-21 08:51:31,990 - packages.BackEndController - INFO - Insert Table Data
2018-04-21 08:51:32,026 - packages.BackEndController - INFO - Fetch Table Data
2018-04-21 08:57:35,783 - packages.BackEndController - INFO - Start developing the web application
2018-04-21 08:57:35,786 - packages.BackEndController - INFO - Start developing the web application
2018-04-21 09:01:48,927 - packages.BackEndController - INFO - Start developing the web application
2018-04-21 09:01:49,328 - packages.BackEndController - INFO - Start developing the web application
2018-04-21 09:01:52,677 - packages.BackEndController - INFO - Fetch Table Data
2018-04-21 09:02:26,772 - packages.BackEndController - INFO - Fetch Table Data
2018-04-21 09:03:33,151 - packages.BackEndController - INFO - Fetch Table Data
2018-04-21 09:06:57,720 - packages.BackEndController - INFO - Start developing the web application
2018-04-21 09:09:12,849 - packages.BackEndController - INFO - Start developing the web application
2018-04-21 09:10:21,937 - packages.BackEndController - INFO - Start developing the web application
2018-04-21 09:10:22,484 - packages.BackEndController - INFO - Fetch Table Data
2018-04-21 09:10:42,489 - packages.BackEndController - INFO - Insert Table Data
2018-04-21 09:10:42,519 - packages.BackEndController - INFO - Update Table Data
2018-04-21 09:10:42,542 - packages.BackEndController - INFO - Fetch Table Data
2018-04-21 09:11:35,128 - packages.BackEndController - INFO - Insert Table Data
2018-04-21 09:11:35,158 - packages.BackEndController - INFO - Fetch Table Data
2018-04-21 09:12:12,411 - packages.BackEndController - INFO - Insert Table Data
2018-04-21 09:12:12,441 - packages.BackEndController - INFO - Update Table Data
2018-04-21 09:12:12,480 - packages.BackEndController - INFO - Fetch Table Data
2018-04-21 09:13:54,075 - packages.BackEndController - INFO - Start developing the web application
2018-04-21 09:13:54,078 - packages.BackEndController - INFO - Start developing the web application
2018-04-21 09:29:23,542 - packages.BackEndController - INFO - Fetch Table Data
2018-04-21 09:34:12,111 - packages.BackEndController - INFO - Start developing the web application
2018-04-21 09:34:57,783 - packages.BackEndController - INFO - Start developing the web application
2018-04-21 09:34:58,184 - packages.BackEndController - INFO - Start developing the web application
2018-04-21 09:38:07,315 - packages.BackEndController - INFO - Fetch Table Data
2018-04-21 09:41:54,970 - packages.BackEndController - INFO - Fetch Table Data
2018-04-21 09:42:28,885 - packages.BackEndController - INFO - Fetch Table Data
2018-04-21 09:43:09,914 - packages.BackEndController - INFO - Fetch Table Data
2018-04-21 09:43:24,141 - packages.BackEndController - INFO - Fetch Table Data
2018-04-21 09:46:28,684 - packages.BackEndController - INFO - Fetch Table Data
2018-04-21 09:47:55,637 - packages.BackEndController - INFO - Fetch Table Data
2018-04-21 09:51:00,750 - packages.BackEndController - INFO - Fetch Table Data
2018-04-21 09:51:18,203 - packages.BackEndController - INFO - Fetch Table Data
2018-04-21 09:51:34,724 - packages.BackEndController - INFO - Fetch Table Data
2018-04-21 10:53:18,127 - packages.BackEndController - INFO - Start developing the web application
2018-04-21 10:53:18,642 - packages.BackEndController - INFO - Start developing the web application
2018-04-21 10:53:28,592 - packages.BackEndController - INFO - Fetch Table Data
2018-04-21 10:53:42,154 - packages.BackEndController - INFO - Insert Table Data
2018-04-21 10:53:42,187 - packages.BackEndController - INFO - Update Table Data
2018-04-21 10:53:42,217 - packages.BackEndController - INFO - Fetch Table Data
2018-04-21 10:54:53,342 - packages.BackEndController - INFO - Start developing the web application
2018-04-21 10:54:57,686 - packages.BackEndController - INFO - Start developing the web application
2018-04-21 10:55:16,595 - packages.BackEndController - INFO - Start developing the web application
2018-04-21 10:55:20,164 - packages.BackEndController - INFO - Fetch Table Data
2018-04-21 10:55:32,845 - packages.BackEndController - INFO - Insert Table Data
2018-04-21 10:55:32,880 - packages.BackEndController - INFO - Update Table Data
2018-04-21 10:55:32,921 - packages.BackEndController - INFO - Fetch Table Data
2018-04-21 10:55:39,904 - packages.BackEndController - INFO - Insert Table Data
2018-04-21 10:55:39,923 - packages.BackEndController - INFO - Update Table Data
2018-04-21 10:55:39,947 - packages.BackEndController - INFO - Fetch Table Data
2018-04-21 11:09:51,375 - packages.BackEndController - INFO - Fetch Table Data
2018-04-21 11:57:26,239 - packages.BackEndController - INFO - Fetch Table Data
2018-04-21 12:11:44,859 - packages.BackEndController - INFO - Start developing the web application
2018-04-21 12:16:10,062 - packages.BackEndController - INFO - Start developing the web application
2018-04-21 13:23:26,559 - packages.BackEndController - INFO - Start developing the web application
2018-04-21 13:42:05,109 - packages.BackEndController - INFO - Start developing the web application
2018-04-21 13:42:05,191 - packages.BackEndController - INFO - Start developing the web application
2018-04-21 13:42:27,239 - packages.BackEndController - INFO - Fetch Table Data
2018-04-21 13:42:55,192 - packages.BackEndController - INFO - Insert Table Data
2018-04-21 13:42:55,264 - packages.BackEndController - INFO - Update Table Data
2018-04-21 13:42:55,330 - packages.BackEndController - INFO - Fetch Table Data
2018-04-21 13:43:33,099 - packages.BackEndController - INFO - Insert Table Data
2018-04-21 13:43:33,170 - packages.BackEndController - INFO - Fetch Table Data
2018-04-21 13:44:14,196 - packages.BackEndController - INFO - Insert Table Data
2018-04-21 13:44:14,277 - packages.BackEndController - INFO - Update Table Data
2018-04-21 13:44:14,344 - packages.BackEndController - INFO - Fetch Table Data
2018-04-21 13:49:41,352 - packages.BackEndController - INFO - Start developing the web application
2018-04-21 13:49:41,413 - packages.BackEndController - INFO - Start developing the web application
2018-04-21 13:49:52,096 - packages.BackEndController - INFO - Fetch Table Data
2018-04-21 13:50:28,366 - packages.BackEndController - INFO - Fetch Table Data
2018-04-21 13:51:29,165 - packages.BackEndController - INFO - Fetch Table Data
2018-04-21 13:52:19,432 - packages.BackEndController - INFO - Fetch Table Data
2018-04-21 13:52:58,175 - packages.BackEndController - INFO - Start developing the web application
2018-04-21 13:52:58,241 - packages.BackEndController - INFO - Start developing the web application
2018-04-21 13:53:19,219 - packages.BackEndController - INFO - Fetch Table Data
2018-04-21 13:53:19,219 - packages.BackEndController - INFO - Error on fetching data from database is : no such table: TESTDB1
2018-04-21 13:53:19,220 - packages.BackEndController - INFO - Create Table
2018-04-21 13:56:16,777 - packages.BackEndController - INFO - Insert Table Data
2018-04-21 13:56:16,845 - packages.BackEndController - INFO - Update Table Data
2018-04-21 13:56:16,920 - packages.BackEndController - INFO - Fetch Table Data
2018-04-21 13:56:49,947 - packages.BackEndController - INFO - Insert Table Data
2018-04-21 13:56:50,011 - packages.BackEndController - INFO - Fetch Table Data
2018-04-21 13:57:45,490 - packages.BackEndController - INFO - Insert Table Data
2018-04-21 13:57:45,551 - packages.BackEndController - INFO - Update Table Data
2018-04-21 13:57:45,617 - packages.BackEndController - INFO - Fetch Table Data
2018-04-21 13:58:04,708 - packages.BackEndController - INFO - Insert Table Data
2018-04-21 13:58:04,767 - packages.BackEndController - INFO - Update Table Data
2018-04-21 13:58:04,833 - packages.BackEndController - INFO - Fetch Table Data
2018-04-21 15:45:55,299 - packages.BackEndController - INFO - Start developing the web application
2018-04-21 15:46:12,939 - packages.BackEndController - INFO - Fetch Table Data
2018-04-21 15:46:35,249 - packages.BackEndController - INFO - Insert Table Data
2018-04-21 15:46:35,311 - packages.BackEndController - INFO - Update Table Data
2018-04-21 15:46:35,378 - packages.BackEndController - INFO - Fetch Table Data
